#
# A fatal error has been detected by the Java Runtime Environment:
#
#  SIGSEGV (0xb) at pc=0x000000010fb63674, pid=10773, tid=9475
#
# JRE version: Java(TM) SE Runtime Environment 18.9 (11.0.10+8) (build 11.0.10+8-LTS-162)
# Java VM: Java HotSpot(TM) 64-Bit Server VM 18.9 (11.0.10+8-LTS-162, mixed mode, tiered, compressed oops, g1 gc, bsd-amd64)
# Problematic frame:
# V  [libjvm.dylib+0x763674]  EnableIf<HasDecorator<1097844ull, MO_UNORDERED>::value, oopDesc*>::type RawAccessBarrier<1097844ull>::load_internal<1097844ull, oopDesc*>(void*)+0x4
#
# No core dump will be written. Core dumps have been disabled. To enable core dumping, try "ulimit -c unlimited" before starting Java again
#
# If you would like to submit a bug report, please visit:
#   https://bugreport.java.com/bugreport/crash.jsp
#

---------------  S U M M A R Y ------------

Command Line: -Dfile.encoding=UTF-8 org.apache.catalina.startup.Tomcat$1

Host: MacBookPro8,1 x86_64 2400 MHz, 4 cores, 16G, Darwin 17.7.0
Time: Thu May 20 14:08:39 2021 KST elapsed time: 0.268309 seconds (0d 0h 0m 0s)

---------------  T H R E A D  ---------------

Current thread (0x00007fc7f9008800):  JavaThread "main" [_thread_in_vm, id=9475, stack(0x00000001101d7000,0x00000001102d7000)]

Stack: [0x00000001101d7000,0x00000001102d7000],  sp=0x00000001102d6d10,  free space=1023k
Native frames: (J=compiled Java code, A=aot compiled Java code, j=interpreted, Vv=VM code, C=native code)
V  [libjvm.dylib+0x763674]  EnableIf<HasDecorator<1097844ull, MO_UNORDERED>::value, oopDesc*>::type RawAccessBarrier<1097844ull>::load_internal<1097844ull, oopDesc*>(void*)+0x4
V  [libjvm.dylib+0x763639]  oopDesc* RawAccessBarrier<1097844ull>::oop_load<oopDesc*>(void*)+0x9
V  [libjvm.dylib+0x7636ab]  oopDesc* G1BarrierSet::AccessBarrier<1097844ull, G1BarrierSet>::oop_load_not_in_heap<oopDesc*>(oopDesc**)+0xb
V  [libjvm.dylib+0x3eb485]  jni_GetStringUTFChars+0xe3
C  [libjli.dylib+0x70ed]  PostJVMInit+0xad
C  [libjli.dylib+0x4a09]  JavaMain+0xa50
C  [libsystem_pthread.dylib+0x3661]  _pthread_body+0x154
C  [libsystem_pthread.dylib+0x350d]  _pthread_body+0x0
C  [libsystem_pthread.dylib+0x2bf9]  thread_start+0xd


siginfo: si_signo: 11 (SIGSEGV), si_code: 1 (SEGV_MAPERR), si_addr: 0x0000000000000000

Register to memory mapping:

RAX=0x0 is NULL
RBX=0x0 is NULL
RCX=0x000000010fd4ef01: _ZZL9get_entryPK16NetworkInterfaceE11saved_index+0x1 in /Library/Java/JavaVirtualMachines/jdk-11.0.10.jdk/Contents/Home/lib/server/libjvm.dylib at 0x000000010f400000
RDX=0x0 is NULL
RSP=0x00000001102d6d10 is pointing into the stack for thread: 0x00007fc7f9008800
RBP=0x00000001102d6d10 is pointing into the stack for thread: 0x00007fc7f9008800
RSI=0x0 is NULL
RDI=0x0 is NULL
R8 ={method} {0x000000011cabc650} 'getCanonicalName' '()Ljava/lang/String;' in 'java/lang/Class'
R9 =0x00007fc7f866c9c0 points into unknown readable memory: 50 c6 ab 1c 01 00 00 00
R10=0x000000010fdabcc0: _ZN19TemplateInterpreter13_active_tableE+0x4800 in /Library/Java/JavaVirtualMachines/jdk-11.0.10.jdk/Contents/Home/lib/server/libjvm.dylib at 0x000000010f400000
R11=0x000000011cab4f00 is pointing into metadata
R12=0x00007fc7f9008b48 points into unknown readable memory: 80 ef d4 0f 01 00 00 00
R13=0x0 is NULL
R14=0x00007fc7f9008800 is a thread
R15=0x0 is NULL


Registers:
RAX=0x0000000000000000, RBX=0x0000000000000000, RCX=0x000000010fd4ef01, RDX=0x0000000000000000
RSP=0x00000001102d6d10, RBP=0x00000001102d6d10, RSI=0x0000000000000000, RDI=0x0000000000000000
R8 =0x000000011cabc650, R9 =0x00007fc7f866c9c0, R10=0x000000010fdabcc0, R11=0x000000011cab4f00
R12=0x00007fc7f9008b48, R13=0x0000000000000000, R14=0x00007fc7f9008800, R15=0x0000000000000000
RIP=0x000000010fb63674, EFLAGS=0x0000000000010246, ERR=0x0000000000000004
  TRAPNO=0x000000000000000e

Top of Stack: (sp=0x00000001102d6d10)
0x00000001102d6d10:   00000001102d6d20 000000010fb63639
0x00000001102d6d20:   00000001102d6d40 000000010fb636ab
0x00000001102d6d30:   0000000000000000 0000000000000000
0x00000001102d6d40:   00000001102d6dd0 000000010f7eb485
0x00000001102d6d50:   000000010fda1001 00007fc7f9008800
0x00000001102d6d60:   00000001102d6d80 000000010fb60a4e
0x00000001102d6d70:   000000010fda1001 00007fc7f9008800
0x00000001102d6d80:   0000000000000000 000000010fb609e4
0x00000001102d6d90:   0000000000000000 00007fc7f9008800
0x00000001102d6da0:   00000001102d6dd0 00007fc7f9008b48
0x00000001102d6db0:   00007fc7f860adf0 0000000000000000
0x00000001102d6dc0:   0000000000000000 00007fc7f860adf8
0x00000001102d6dd0:   00000001102d6e60 000000010ebcf0ed
0x00000001102d6de0:   000000010fda1001 00007fc7f9008800
0x00000001102d6df0:   00000001102d6e10 000000010fb60a4e
0x00000001102d6e00:   000000010fda1001 00007fc7f9008800
0x00000001102d6e10:   00000001102d6e30 000000010fb609e4
0x00000001102d6e20:   00007fc7f8609ee0 0000000000000000
0x00000001102d6e30:   00000001102d6e60 42801e0db4fc00bf
0x00000001102d6e40:   00007fc7f9008b48 00007fc7f860adf0
0x00000001102d6e50:   00007fc7f860ae08 00007fc7f860adf8
0x00000001102d6e60:   00000001102d6ef0 000000010ebcca09
0x00000001102d6e70:   0000000000000000 0005c2bbefa5e270
0x00000001102d6e80:   0000000400010002 00007fc7f8401ef0
0x00000001102d6e90:   0000000000000000 0000000000000000
0x00000001102d6ea0:   00007fc7f8700148 0000000000000001
0x00000001102d6eb0:   00007fc7f87000d0 00007fc7f9008b48
0x00000001102d6ec0:   000000010fd4ef78 00000001102d7000
0x00000001102d6ed0:   000000010ebcbfb9 0000000000000000
0x00000001102d6ee0:   00000001102d7000 0000000000000000
0x00000001102d6ef0:   00000001102d6f20 00007fff6bbc7661
0x00000001102d6f00:   0000000000000001 00000001102d7000 

Instructions: (pc=0x000000010fb63674)
0x000000010fb63654:   5d e9 16 00 00 00 66 0f 1f 44 00 00 55 48 89 e5
0x000000010fb63664:   5d e9 16 00 00 00 66 0f 1f 44 00 00 55 48 89 e5
0x000000010fb63674:   48 8b 07 5d c3 0f 1f 80 00 00 00 00 55 48 89 e5
0x000000010fb63684:   48 89 f8 5d c3 0f 1f 80 00 00 00 00 55 48 89 e5 

Stack slot to memory mapping:
stack at sp + 0 slots: 0x00000001102d6d20 is pointing into the stack for thread: 0x00007fc7f9008800
stack at sp + 1 slots: 0x000000010fb63639: _ZN16RawAccessBarrierILy1097844EE8oop_loadIP7oopDescEET_Pv+0x9 in /Library/Java/JavaVirtualMachines/jdk-11.0.10.jdk/Contents/Home/lib/server/libjvm.dylib at 0x000000010f400000
stack at sp + 2 slots: 0x00000001102d6d40 is pointing into the stack for thread: 0x00007fc7f9008800
stack at sp + 3 slots: 0x000000010fb636ab: _ZN12G1BarrierSet13AccessBarrierILy1097844ES_E20oop_load_not_in_heapIP7oopDescEES4_PT_+0xb in /Library/Java/JavaVirtualMachines/jdk-11.0.10.jdk/Contents/Home/lib/server/libjvm.dylib at 0x000000010f400000
stack at sp + 4 slots: 0x0 is NULL
stack at sp + 5 slots: 0x0 is NULL
stack at sp + 6 slots: 0x00000001102d6dd0 is pointing into the stack for thread: 0x00007fc7f9008800
stack at sp + 7 slots: 0x000000010f7eb485: jni_GetStringUTFChars+0xe3 in /Library/Java/JavaVirtualMachines/jdk-11.0.10.jdk/Contents/Home/lib/server/libjvm.dylib at 0x000000010f400000


---------------  P R O C E S S  ---------------

Threads class SMR info:
_java_thread_list=0x00007fc7f86967c0, length=9, elements={
0x00007fc7f9008800, 0x00007fc7f8815000, 0x00007fc7f8825000, 0x00007fc7f9838000,
0x00007fc7f8839800, 0x00007fc7f908d000, 0x00007fc7fa06f000, 0x00007fc7f882f800,
0x00007fc7fa0de800
}

Java Threads: ( => current thread )
=>0x00007fc7f9008800 JavaThread "main" [_thread_in_vm, id=9475, stack(0x00000001101d7000,0x00000001102d7000)]
  0x00007fc7f8815000 JavaThread "Reference Handler" daemon [_thread_blocked, id=17667, stack(0x000070000f5dd000,0x000070000f6dd000)]
  0x00007fc7f8825000 JavaThread "Finalizer" daemon [_thread_blocked, id=14083, stack(0x000070000f6e0000,0x000070000f7e0000)]
  0x00007fc7f9838000 JavaThread "Signal Dispatcher" daemon [_thread_blocked, id=15367, stack(0x000070000f7e3000,0x000070000f8e3000)]
  0x00007fc7f8839800 JavaThread "C2 CompilerThread0" daemon [_thread_blocked, id=22275, stack(0x000070000f8e6000,0x000070000f9e6000)]
  0x00007fc7f908d000 JavaThread "C1 CompilerThread0" daemon [_thread_blocked, id=22787, stack(0x000070000f9e9000,0x000070000fae9000)]
  0x00007fc7fa06f000 JavaThread "Sweeper thread" daemon [_thread_blocked, id=23299, stack(0x000070000faec000,0x000070000fbec000)]
  0x00007fc7f882f800 JavaThread "Service Thread" daemon [_thread_blocked, id=23811, stack(0x000070000fbef000,0x000070000fcef000)]
  0x00007fc7fa0de800 JavaThread "Common-Cleaner" daemon [_thread_blocked, id=24835, stack(0x000070000fdf5000,0x000070000fef5000)]

Other Threads:
  0x00007fc7f8816000 VMThread "VM Thread" [stack: 0x000070000f4da000,0x000070000f5da000] [id=12803]
  0x00007fc7fa070000 WatcherThread [stack: 0x000070000fcf2000,0x000070000fdf2000] [id=24323]
  0x00007fc7f9014800 GCTaskThread "GC Thread#0" [stack: 0x000070000efcb000,0x000070000f0cb000] [id=11267]
  0x00007fc7fa03e000 ConcurrentGCThread "G1 Main Marker" [stack: 0x000070000f0ce000,0x000070000f1ce000] [id=20227]
  0x00007fc7f9803000 ConcurrentGCThread "G1 Conc#0" [stack: 0x000070000f1d1000,0x000070000f2d1000] [id=11779]
  0x00007fc7fa04b800 ConcurrentGCThread "G1 Refine#0" [stack: 0x000070000f2d4000,0x000070000f3d4000] [id=18947]
  0x00007fc7fa04c000 ConcurrentGCThread "G1 Young RemSet Sampling" [stack: 0x000070000f3d7000,0x000070000f4d7000] [id=18435]

Threads with active compile tasks:

VM state:not at safepoint (normal execution)

VM Mutex/Monitor currently owned by a thread: None

Heap address: 0x0000000700000000, size: 4096 MB, Compressed Oops mode: Zero based, Oop shift amount: 3
Narrow klass base: 0x0000000800000000, Narrow klass shift: 0
Compressed class space size: 1073741824 Address: 0x0000000800000000

Heap:
 garbage-first heap   total 262144K, used 2048K [0x0000000700000000, 0x0000000800000000)
  region size 1024K, 3 young (3072K), 0 survivors (0K)
 Metaspace       used 5209K, capacity 5400K, committed 5632K, reserved 1056768K
  class space    used 455K, capacity 500K, committed 512K, reserved 1048576K
Heap Regions: E=young(eden), S=young(survivor), O=old, HS=humongous(starts), HC=humongous(continues), CS=collection set, F=free, A=archive, TAMS=top-at-mark-start (previous, next)
|   0|0x0000000700000000, 0x0000000700000000, 0x0000000700100000|  0%| F|  |TAMS 0x0000000700000000, 0x0000000700000000| Untracked 
|   1|0x0000000700100000, 0x0000000700100000, 0x0000000700200000|  0%| F|  |TAMS 0x0000000700100000, 0x0000000700100000| Untracked 
|   2|0x0000000700200000, 0x0000000700200000, 0x0000000700300000|  0%| F|  |TAMS 0x0000000700200000, 0x0000000700200000| Untracked 
|   3|0x0000000700300000, 0x0000000700300000, 0x0000000700400000|  0%| F|  |TAMS 0x0000000700300000, 0x0000000700300000| Untracked 
|   4|0x0000000700400000, 0x0000000700400000, 0x0000000700500000|  0%| F|  |TAMS 0x0000000700400000, 0x0000000700400000| Untracked 
|   5|0x0000000700500000, 0x0000000700500000, 0x0000000700600000|  0%| F|  |TAMS 0x0000000700500000, 0x0000000700500000| Untracked 
|   6|0x0000000700600000, 0x0000000700600000, 0x0000000700700000|  0%| F|  |TAMS 0x0000000700600000, 0x0000000700600000| Untracked 
|   7|0x0000000700700000, 0x0000000700700000, 0x0000000700800000|  0%| F|  |TAMS 0x0000000700700000, 0x0000000700700000| Untracked 
|   8|0x0000000700800000, 0x0000000700800000, 0x0000000700900000|  0%| F|  |TAMS 0x0000000700800000, 0x0000000700800000| Untracked 
|   9|0x0000000700900000, 0x0000000700900000, 0x0000000700a00000|  0%| F|  |TAMS 0x0000000700900000, 0x0000000700900000| Untracked 
|  10|0x0000000700a00000, 0x0000000700a00000, 0x0000000700b00000|  0%| F|  |TAMS 0x0000000700a00000, 0x0000000700a00000| Untracked 
|  11|0x0000000700b00000, 0x0000000700b00000, 0x0000000700c00000|  0%| F|  |TAMS 0x0000000700b00000, 0x0000000700b00000| Untracked 
|  12|0x0000000700c00000, 0x0000000700c00000, 0x0000000700d00000|  0%| F|  |TAMS 0x0000000700c00000, 0x0000000700c00000| Untracked 
|  13|0x0000000700d00000, 0x0000000700d00000, 0x0000000700e00000|  0%| F|  |TAMS 0x0000000700d00000, 0x0000000700d00000| Untracked 
|  14|0x0000000700e00000, 0x0000000700e00000, 0x0000000700f00000|  0%| F|  |TAMS 0x0000000700e00000, 0x0000000700e00000| Untracked 
|  15|0x0000000700f00000, 0x0000000700f00000, 0x0000000701000000|  0%| F|  |TAMS 0x0000000700f00000, 0x0000000700f00000| Untracked 
|  16|0x0000000701000000, 0x0000000701000000, 0x0000000701100000|  0%| F|  |TAMS 0x0000000701000000, 0x0000000701000000| Untracked 
|  17|0x0000000701100000, 0x0000000701100000, 0x0000000701200000|  0%| F|  |TAMS 0x0000000701100000, 0x0000000701100000| Untracked 
|  18|0x0000000701200000, 0x0000000701200000, 0x0000000701300000|  0%| F|  |TAMS 0x0000000701200000, 0x0000000701200000| Untracked 
|  19|0x0000000701300000, 0x0000000701300000, 0x0000000701400000|  0%| F|  |TAMS 0x0000000701300000, 0x0000000701300000| Untracked 
|  20|0x0000000701400000, 0x0000000701400000, 0x0000000701500000|  0%| F|  |TAMS 0x0000000701400000, 0x0000000701400000| Untracked 
|  21|0x0000000701500000, 0x0000000701500000, 0x0000000701600000|  0%| F|  |TAMS 0x0000000701500000, 0x0000000701500000| Untracked 
|  22|0x0000000701600000, 0x0000000701600000, 0x0000000701700000|  0%| F|  |TAMS 0x0000000701600000, 0x0000000701600000| Untracked 
|  23|0x0000000701700000, 0x0000000701700000, 0x0000000701800000|  0%| F|  |TAMS 0x0000000701700000, 0x0000000701700000| Untracked 
|  24|0x0000000701800000, 0x0000000701800000, 0x0000000701900000|  0%| F|  |TAMS 0x0000000701800000, 0x0000000701800000| Untracked 
|  25|0x0000000701900000, 0x0000000701900000, 0x0000000701a00000|  0%| F|  |TAMS 0x0000000701900000, 0x0000000701900000| Untracked 
|  26|0x0000000701a00000, 0x0000000701a00000, 0x0000000701b00000|  0%| F|  |TAMS 0x0000000701a00000, 0x0000000701a00000| Untracked 
|  27|0x0000000701b00000, 0x0000000701b00000, 0x0000000701c00000|  0%| F|  |TAMS 0x0000000701b00000, 0x0000000701b00000| Untracked 
|  28|0x0000000701c00000, 0x0000000701c00000, 0x0000000701d00000|  0%| F|  |TAMS 0x0000000701c00000, 0x0000000701c00000| Untracked 
|  29|0x0000000701d00000, 0x0000000701d00000, 0x0000000701e00000|  0%| F|  |TAMS 0x0000000701d00000, 0x0000000701d00000| Untracked 
|  30|0x0000000701e00000, 0x0000000701e00000, 0x0000000701f00000|  0%| F|  |TAMS 0x0000000701e00000, 0x0000000701e00000| Untracked 
|  31|0x0000000701f00000, 0x0000000701f00000, 0x0000000702000000|  0%| F|  |TAMS 0x0000000701f00000, 0x0000000701f00000| Untracked 
|  32|0x0000000702000000, 0x0000000702000000, 0x0000000702100000|  0%| F|  |TAMS 0x0000000702000000, 0x0000000702000000| Untracked 
|  33|0x0000000702100000, 0x0000000702100000, 0x0000000702200000|  0%| F|  |TAMS 0x0000000702100000, 0x0000000702100000| Untracked 
|  34|0x0000000702200000, 0x0000000702200000, 0x0000000702300000|  0%| F|  |TAMS 0x0000000702200000, 0x0000000702200000| Untracked 
|  35|0x0000000702300000, 0x0000000702300000, 0x0000000702400000|  0%| F|  |TAMS 0x0000000702300000, 0x0000000702300000| Untracked 
|  36|0x0000000702400000, 0x0000000702400000, 0x0000000702500000|  0%| F|  |TAMS 0x0000000702400000, 0x0000000702400000| Untracked 
|  37|0x0000000702500000, 0x0000000702500000, 0x0000000702600000|  0%| F|  |TAMS 0x0000000702500000, 0x0000000702500000| Untracked 
|  38|0x0000000702600000, 0x0000000702600000, 0x0000000702700000|  0%| F|  |TAMS 0x0000000702600000, 0x0000000702600000| Untracked 
|  39|0x0000000702700000, 0x0000000702700000, 0x0000000702800000|  0%| F|  |TAMS 0x0000000702700000, 0x0000000702700000| Untracked 
|  40|0x0000000702800000, 0x0000000702800000, 0x0000000702900000|  0%| F|  |TAMS 0x0000000702800000, 0x0000000702800000| Untracked 
|  41|0x0000000702900000, 0x0000000702900000, 0x0000000702a00000|  0%| F|  |TAMS 0x0000000702900000, 0x0000000702900000| Untracked 
|  42|0x0000000702a00000, 0x0000000702a00000, 0x0000000702b00000|  0%| F|  |TAMS 0x0000000702a00000, 0x0000000702a00000| Untracked 
|  43|0x0000000702b00000, 0x0000000702b00000, 0x0000000702c00000|  0%| F|  |TAMS 0x0000000702b00000, 0x0000000702b00000| Untracked 
|  44|0x0000000702c00000, 0x0000000702c00000, 0x0000000702d00000|  0%| F|  |TAMS 0x0000000702c00000, 0x0000000702c00000| Untracked 
|  45|0x0000000702d00000, 0x0000000702d00000, 0x0000000702e00000|  0%| F|  |TAMS 0x0000000702d00000, 0x0000000702d00000| Untracked 
|  46|0x0000000702e00000, 0x0000000702e00000, 0x0000000702f00000|  0%| F|  |TAMS 0x0000000702e00000, 0x0000000702e00000| Untracked 
|  47|0x0000000702f00000, 0x0000000702f00000, 0x0000000703000000|  0%| F|  |TAMS 0x0000000702f00000, 0x0000000702f00000| Untracked 
|  48|0x0000000703000000, 0x0000000703000000, 0x0000000703100000|  0%| F|  |TAMS 0x0000000703000000, 0x0000000703000000| Untracked 
|  49|0x0000000703100000, 0x0000000703100000, 0x0000000703200000|  0%| F|  |TAMS 0x0000000703100000, 0x0000000703100000| Untracked 
|  50|0x0000000703200000, 0x0000000703200000, 0x0000000703300000|  0%| F|  |TAMS 0x0000000703200000, 0x0000000703200000| Untracked 
|  51|0x0000000703300000, 0x0000000703300000, 0x0000000703400000|  0%| F|  |TAMS 0x0000000703300000, 0x0000000703300000| Untracked 
|  52|0x0000000703400000, 0x0000000703400000, 0x0000000703500000|  0%| F|  |TAMS 0x0000000703400000, 0x0000000703400000| Untracked 
|  53|0x0000000703500000, 0x0000000703500000, 0x0000000703600000|  0%| F|  |TAMS 0x0000000703500000, 0x0000000703500000| Untracked 
|  54|0x0000000703600000, 0x0000000703600000, 0x0000000703700000|  0%| F|  |TAMS 0x0000000703600000, 0x0000000703600000| Untracked 
|  55|0x0000000703700000, 0x0000000703700000, 0x0000000703800000|  0%| F|  |TAMS 0x0000000703700000, 0x0000000703700000| Untracked 
|  56|0x0000000703800000, 0x0000000703800000, 0x0000000703900000|  0%| F|  |TAMS 0x0000000703800000, 0x0000000703800000| Untracked 
|  57|0x0000000703900000, 0x0000000703900000, 0x0000000703a00000|  0%| F|  |TAMS 0x0000000703900000, 0x0000000703900000| Untracked 
|  58|0x0000000703a00000, 0x0000000703a00000, 0x0000000703b00000|  0%| F|  |TAMS 0x0000000703a00000, 0x0000000703a00000| Untracked 
|  59|0x0000000703b00000, 0x0000000703b00000, 0x0000000703c00000|  0%| F|  |TAMS 0x0000000703b00000, 0x0000000703b00000| Untracked 
|  60|0x0000000703c00000, 0x0000000703c00000, 0x0000000703d00000|  0%| F|  |TAMS 0x0000000703c00000, 0x0000000703c00000| Untracked 
|  61|0x0000000703d00000, 0x0000000703d00000, 0x0000000703e00000|  0%| F|  |TAMS 0x0000000703d00000, 0x0000000703d00000| Untracked 
|  62|0x0000000703e00000, 0x0000000703e00000, 0x0000000703f00000|  0%| F|  |TAMS 0x0000000703e00000, 0x0000000703e00000| Untracked 
|  63|0x0000000703f00000, 0x0000000703f00000, 0x0000000704000000|  0%| F|  |TAMS 0x0000000703f00000, 0x0000000703f00000| Untracked 
|  64|0x0000000704000000, 0x0000000704000000, 0x0000000704100000|  0%| F|  |TAMS 0x0000000704000000, 0x0000000704000000| Untracked 
|  65|0x0000000704100000, 0x0000000704100000, 0x0000000704200000|  0%| F|  |TAMS 0x0000000704100000, 0x0000000704100000| Untracked 
|  66|0x0000000704200000, 0x0000000704200000, 0x0000000704300000|  0%| F|  |TAMS 0x0000000704200000, 0x0000000704200000| Untracked 
|  67|0x0000000704300000, 0x0000000704300000, 0x0000000704400000|  0%| F|  |TAMS 0x0000000704300000, 0x0000000704300000| Untracked 
|  68|0x0000000704400000, 0x0000000704400000, 0x0000000704500000|  0%| F|  |TAMS 0x0000000704400000, 0x0000000704400000| Untracked 
|  69|0x0000000704500000, 0x0000000704500000, 0x0000000704600000|  0%| F|  |TAMS 0x0000000704500000, 0x0000000704500000| Untracked 
|  70|0x0000000704600000, 0x0000000704600000, 0x0000000704700000|  0%| F|  |TAMS 0x0000000704600000, 0x0000000704600000| Untracked 
|  71|0x0000000704700000, 0x0000000704700000, 0x0000000704800000|  0%| F|  |TAMS 0x0000000704700000, 0x0000000704700000| Untracked 
|  72|0x0000000704800000, 0x0000000704800000, 0x0000000704900000|  0%| F|  |TAMS 0x0000000704800000, 0x0000000704800000| Untracked 
|  73|0x0000000704900000, 0x0000000704900000, 0x0000000704a00000|  0%| F|  |TAMS 0x0000000704900000, 0x0000000704900000| Untracked 
|  74|0x0000000704a00000, 0x0000000704a00000, 0x0000000704b00000|  0%| F|  |TAMS 0x0000000704a00000, 0x0000000704a00000| Untracked 
|  75|0x0000000704b00000, 0x0000000704b00000, 0x0000000704c00000|  0%| F|  |TAMS 0x0000000704b00000, 0x0000000704b00000| Untracked 
|  76|0x0000000704c00000, 0x0000000704c00000, 0x0000000704d00000|  0%| F|  |TAMS 0x0000000704c00000, 0x0000000704c00000| Untracked 
|  77|0x0000000704d00000, 0x0000000704d00000, 0x0000000704e00000|  0%| F|  |TAMS 0x0000000704d00000, 0x0000000704d00000| Untracked 
|  78|0x0000000704e00000, 0x0000000704e00000, 0x0000000704f00000|  0%| F|  |TAMS 0x0000000704e00000, 0x0000000704e00000| Untracked 
|  79|0x0000000704f00000, 0x0000000704f00000, 0x0000000705000000|  0%| F|  |TAMS 0x0000000704f00000, 0x0000000704f00000| Untracked 
|  80|0x0000000705000000, 0x0000000705000000, 0x0000000705100000|  0%| F|  |TAMS 0x0000000705000000, 0x0000000705000000| Untracked 
|  81|0x0000000705100000, 0x0000000705100000, 0x0000000705200000|  0%| F|  |TAMS 0x0000000705100000, 0x0000000705100000| Untracked 
|  82|0x0000000705200000, 0x0000000705200000, 0x0000000705300000|  0%| F|  |TAMS 0x0000000705200000, 0x0000000705200000| Untracked 
|  83|0x0000000705300000, 0x0000000705300000, 0x0000000705400000|  0%| F|  |TAMS 0x0000000705300000, 0x0000000705300000| Untracked 
|  84|0x0000000705400000, 0x0000000705400000, 0x0000000705500000|  0%| F|  |TAMS 0x0000000705400000, 0x0000000705400000| Untracked 
|  85|0x0000000705500000, 0x0000000705500000, 0x0000000705600000|  0%| F|  |TAMS 0x0000000705500000, 0x0000000705500000| Untracked 
|  86|0x0000000705600000, 0x0000000705600000, 0x0000000705700000|  0%| F|  |TAMS 0x0000000705600000, 0x0000000705600000| Untracked 
|  87|0x0000000705700000, 0x0000000705700000, 0x0000000705800000|  0%| F|  |TAMS 0x0000000705700000, 0x0000000705700000| Untracked 
|  88|0x0000000705800000, 0x0000000705800000, 0x0000000705900000|  0%| F|  |TAMS 0x0000000705800000, 0x0000000705800000| Untracked 
|  89|0x0000000705900000, 0x0000000705900000, 0x0000000705a00000|  0%| F|  |TAMS 0x0000000705900000, 0x0000000705900000| Untracked 
|  90|0x0000000705a00000, 0x0000000705a00000, 0x0000000705b00000|  0%| F|  |TAMS 0x0000000705a00000, 0x0000000705a00000| Untracked 
|  91|0x0000000705b00000, 0x0000000705b00000, 0x0000000705c00000|  0%| F|  |TAMS 0x0000000705b00000, 0x0000000705b00000| Untracked 
|  92|0x0000000705c00000, 0x0000000705c00000, 0x0000000705d00000|  0%| F|  |TAMS 0x0000000705c00000, 0x0000000705c00000| Untracked 
|  93|0x0000000705d00000, 0x0000000705d00000, 0x0000000705e00000|  0%| F|  |TAMS 0x0000000705d00000, 0x0000000705d00000| Untracked 
|  94|0x0000000705e00000, 0x0000000705e00000, 0x0000000705f00000|  0%| F|  |TAMS 0x0000000705e00000, 0x0000000705e00000| Untracked 
|  95|0x0000000705f00000, 0x0000000705f00000, 0x0000000706000000|  0%| F|  |TAMS 0x0000000705f00000, 0x0000000705f00000| Untracked 
|  96|0x0000000706000000, 0x0000000706000000, 0x0000000706100000|  0%| F|  |TAMS 0x0000000706000000, 0x0000000706000000| Untracked 
|  97|0x0000000706100000, 0x0000000706100000, 0x0000000706200000|  0%| F|  |TAMS 0x0000000706100000, 0x0000000706100000| Untracked 
|  98|0x0000000706200000, 0x0000000706200000, 0x0000000706300000|  0%| F|  |TAMS 0x0000000706200000, 0x0000000706200000| Untracked 
|  99|0x0000000706300000, 0x0000000706300000, 0x0000000706400000|  0%| F|  |TAMS 0x0000000706300000, 0x0000000706300000| Untracked 
| 100|0x0000000706400000, 0x0000000706400000, 0x0000000706500000|  0%| F|  |TAMS 0x0000000706400000, 0x0000000706400000| Untracked 
| 101|0x0000000706500000, 0x0000000706500000, 0x0000000706600000|  0%| F|  |TAMS 0x0000000706500000, 0x0000000706500000| Untracked 
| 102|0x0000000706600000, 0x0000000706600000, 0x0000000706700000|  0%| F|  |TAMS 0x0000000706600000, 0x0000000706600000| Untracked 
| 103|0x0000000706700000, 0x0000000706700000, 0x0000000706800000|  0%| F|  |TAMS 0x0000000706700000, 0x0000000706700000| Untracked 
| 104|0x0000000706800000, 0x0000000706800000, 0x0000000706900000|  0%| F|  |TAMS 0x0000000706800000, 0x0000000706800000| Untracked 
| 105|0x0000000706900000, 0x0000000706900000, 0x0000000706a00000|  0%| F|  |TAMS 0x0000000706900000, 0x0000000706900000| Untracked 
| 106|0x0000000706a00000, 0x0000000706a00000, 0x0000000706b00000|  0%| F|  |TAMS 0x0000000706a00000, 0x0000000706a00000| Untracked 
| 107|0x0000000706b00000, 0x0000000706b00000, 0x0000000706c00000|  0%| F|  |TAMS 0x0000000706b00000, 0x0000000706b00000| Untracked 
| 108|0x0000000706c00000, 0x0000000706c00000, 0x0000000706d00000|  0%| F|  |TAMS 0x0000000706c00000, 0x0000000706c00000| Untracked 
| 109|0x0000000706d00000, 0x0000000706d00000, 0x0000000706e00000|  0%| F|  |TAMS 0x0000000706d00000, 0x0000000706d00000| Untracked 
| 110|0x0000000706e00000, 0x0000000706e00000, 0x0000000706f00000|  0%| F|  |TAMS 0x0000000706e00000, 0x0000000706e00000| Untracked 
| 111|0x0000000706f00000, 0x0000000706f00000, 0x0000000707000000|  0%| F|  |TAMS 0x0000000706f00000, 0x0000000706f00000| Untracked 
| 112|0x0000000707000000, 0x0000000707000000, 0x0000000707100000|  0%| F|  |TAMS 0x0000000707000000, 0x0000000707000000| Untracked 
| 113|0x0000000707100000, 0x0000000707100000, 0x0000000707200000|  0%| F|  |TAMS 0x0000000707100000, 0x0000000707100000| Untracked 
| 114|0x0000000707200000, 0x0000000707200000, 0x0000000707300000|  0%| F|  |TAMS 0x0000000707200000, 0x0000000707200000| Untracked 
| 115|0x0000000707300000, 0x0000000707300000, 0x0000000707400000|  0%| F|  |TAMS 0x0000000707300000, 0x0000000707300000| Untracked 
| 116|0x0000000707400000, 0x0000000707400000, 0x0000000707500000|  0%| F|  |TAMS 0x0000000707400000, 0x0000000707400000| Untracked 
| 117|0x0000000707500000, 0x0000000707500000, 0x0000000707600000|  0%| F|  |TAMS 0x0000000707500000, 0x0000000707500000| Untracked 
| 118|0x0000000707600000, 0x0000000707600000, 0x0000000707700000|  0%| F|  |TAMS 0x0000000707600000, 0x0000000707600000| Untracked 
| 119|0x0000000707700000, 0x0000000707700000, 0x0000000707800000|  0%| F|  |TAMS 0x0000000707700000, 0x0000000707700000| Untracked 
| 120|0x0000000707800000, 0x0000000707800000, 0x0000000707900000|  0%| F|  |TAMS 0x0000000707800000, 0x0000000707800000| Untracked 
| 121|0x0000000707900000, 0x0000000707900000, 0x0000000707a00000|  0%| F|  |TAMS 0x0000000707900000, 0x0000000707900000| Untracked 
| 122|0x0000000707a00000, 0x0000000707a00000, 0x0000000707b00000|  0%| F|  |TAMS 0x0000000707a00000, 0x0000000707a00000| Untracked 
| 123|0x0000000707b00000, 0x0000000707b00000, 0x0000000707c00000|  0%| F|  |TAMS 0x0000000707b00000, 0x0000000707b00000| Untracked 
| 124|0x0000000707c00000, 0x0000000707c00000, 0x0000000707d00000|  0%| F|  |TAMS 0x0000000707c00000, 0x0000000707c00000| Untracked 
| 125|0x0000000707d00000, 0x0000000707d00000, 0x0000000707e00000|  0%| F|  |TAMS 0x0000000707d00000, 0x0000000707d00000| Untracked 
| 126|0x0000000707e00000, 0x0000000707e00000, 0x0000000707f00000|  0%| F|  |TAMS 0x0000000707e00000, 0x0000000707e00000| Untracked 
| 127|0x0000000707f00000, 0x0000000707f00000, 0x0000000708000000|  0%| F|  |TAMS 0x0000000707f00000, 0x0000000707f00000| Untracked 
| 128|0x0000000708000000, 0x0000000708000000, 0x0000000708100000|  0%| F|  |TAMS 0x0000000708000000, 0x0000000708000000| Untracked 
| 129|0x0000000708100000, 0x0000000708100000, 0x0000000708200000|  0%| F|  |TAMS 0x0000000708100000, 0x0000000708100000| Untracked 
| 130|0x0000000708200000, 0x0000000708200000, 0x0000000708300000|  0%| F|  |TAMS 0x0000000708200000, 0x0000000708200000| Untracked 
| 131|0x0000000708300000, 0x0000000708300000, 0x0000000708400000|  0%| F|  |TAMS 0x0000000708300000, 0x0000000708300000| Untracked 
| 132|0x0000000708400000, 0x0000000708400000, 0x0000000708500000|  0%| F|  |TAMS 0x0000000708400000, 0x0000000708400000| Untracked 
| 133|0x0000000708500000, 0x0000000708500000, 0x0000000708600000|  0%| F|  |TAMS 0x0000000708500000, 0x0000000708500000| Untracked 
| 134|0x0000000708600000, 0x0000000708600000, 0x0000000708700000|  0%| F|  |TAMS 0x0000000708600000, 0x0000000708600000| Untracked 
| 135|0x0000000708700000, 0x0000000708700000, 0x0000000708800000|  0%| F|  |TAMS 0x0000000708700000, 0x0000000708700000| Untracked 
| 136|0x0000000708800000, 0x0000000708800000, 0x0000000708900000|  0%| F|  |TAMS 0x0000000708800000, 0x0000000708800000| Untracked 
| 137|0x0000000708900000, 0x0000000708900000, 0x0000000708a00000|  0%| F|  |TAMS 0x0000000708900000, 0x0000000708900000| Untracked 
| 138|0x0000000708a00000, 0x0000000708a00000, 0x0000000708b00000|  0%| F|  |TAMS 0x0000000708a00000, 0x0000000708a00000| Untracked 
| 139|0x0000000708b00000, 0x0000000708b00000, 0x0000000708c00000|  0%| F|  |TAMS 0x0000000708b00000, 0x0000000708b00000| Untracked 
| 140|0x0000000708c00000, 0x0000000708c00000, 0x0000000708d00000|  0%| F|  |TAMS 0x0000000708c00000, 0x0000000708c00000| Untracked 
| 141|0x0000000708d00000, 0x0000000708d00000, 0x0000000708e00000|  0%| F|  |TAMS 0x0000000708d00000, 0x0000000708d00000| Untracked 
| 142|0x0000000708e00000, 0x0000000708e00000, 0x0000000708f00000|  0%| F|  |TAMS 0x0000000708e00000, 0x0000000708e00000| Untracked 
| 143|0x0000000708f00000, 0x0000000708f00000, 0x0000000709000000|  0%| F|  |TAMS 0x0000000708f00000, 0x0000000708f00000| Untracked 
| 144|0x0000000709000000, 0x0000000709000000, 0x0000000709100000|  0%| F|  |TAMS 0x0000000709000000, 0x0000000709000000| Untracked 
| 145|0x0000000709100000, 0x0000000709100000, 0x0000000709200000|  0%| F|  |TAMS 0x0000000709100000, 0x0000000709100000| Untracked 
| 146|0x0000000709200000, 0x0000000709200000, 0x0000000709300000|  0%| F|  |TAMS 0x0000000709200000, 0x0000000709200000| Untracked 
| 147|0x0000000709300000, 0x0000000709300000, 0x0000000709400000|  0%| F|  |TAMS 0x0000000709300000, 0x0000000709300000| Untracked 
| 148|0x0000000709400000, 0x0000000709400000, 0x0000000709500000|  0%| F|  |TAMS 0x0000000709400000, 0x0000000709400000| Untracked 
| 149|0x0000000709500000, 0x0000000709500000, 0x0000000709600000|  0%| F|  |TAMS 0x0000000709500000, 0x0000000709500000| Untracked 
| 150|0x0000000709600000, 0x0000000709600000, 0x0000000709700000|  0%| F|  |TAMS 0x0000000709600000, 0x0000000709600000| Untracked 
| 151|0x0000000709700000, 0x0000000709700000, 0x0000000709800000|  0%| F|  |TAMS 0x0000000709700000, 0x0000000709700000| Untracked 
| 152|0x0000000709800000, 0x0000000709800000, 0x0000000709900000|  0%| F|  |TAMS 0x0000000709800000, 0x0000000709800000| Untracked 
| 153|0x0000000709900000, 0x0000000709900000, 0x0000000709a00000|  0%| F|  |TAMS 0x0000000709900000, 0x0000000709900000| Untracked 
| 154|0x0000000709a00000, 0x0000000709a00000, 0x0000000709b00000|  0%| F|  |TAMS 0x0000000709a00000, 0x0000000709a00000| Untracked 
| 155|0x0000000709b00000, 0x0000000709b00000, 0x0000000709c00000|  0%| F|  |TAMS 0x0000000709b00000, 0x0000000709b00000| Untracked 
| 156|0x0000000709c00000, 0x0000000709c00000, 0x0000000709d00000|  0%| F|  |TAMS 0x0000000709c00000, 0x0000000709c00000| Untracked 
| 157|0x0000000709d00000, 0x0000000709d00000, 0x0000000709e00000|  0%| F|  |TAMS 0x0000000709d00000, 0x0000000709d00000| Untracked 
| 158|0x0000000709e00000, 0x0000000709e00000, 0x0000000709f00000|  0%| F|  |TAMS 0x0000000709e00000, 0x0000000709e00000| Untracked 
| 159|0x0000000709f00000, 0x0000000709f00000, 0x000000070a000000|  0%| F|  |TAMS 0x0000000709f00000, 0x0000000709f00000| Untracked 
| 160|0x000000070a000000, 0x000000070a000000, 0x000000070a100000|  0%| F|  |TAMS 0x000000070a000000, 0x000000070a000000| Untracked 
| 161|0x000000070a100000, 0x000000070a100000, 0x000000070a200000|  0%| F|  |TAMS 0x000000070a100000, 0x000000070a100000| Untracked 
| 162|0x000000070a200000, 0x000000070a200000, 0x000000070a300000|  0%| F|  |TAMS 0x000000070a200000, 0x000000070a200000| Untracked 
| 163|0x000000070a300000, 0x000000070a300000, 0x000000070a400000|  0%| F|  |TAMS 0x000000070a300000, 0x000000070a300000| Untracked 
| 164|0x000000070a400000, 0x000000070a400000, 0x000000070a500000|  0%| F|  |TAMS 0x000000070a400000, 0x000000070a400000| Untracked 
| 165|0x000000070a500000, 0x000000070a500000, 0x000000070a600000|  0%| F|  |TAMS 0x000000070a500000, 0x000000070a500000| Untracked 
| 166|0x000000070a600000, 0x000000070a600000, 0x000000070a700000|  0%| F|  |TAMS 0x000000070a600000, 0x000000070a600000| Untracked 
| 167|0x000000070a700000, 0x000000070a700000, 0x000000070a800000|  0%| F|  |TAMS 0x000000070a700000, 0x000000070a700000| Untracked 
| 168|0x000000070a800000, 0x000000070a800000, 0x000000070a900000|  0%| F|  |TAMS 0x000000070a800000, 0x000000070a800000| Untracked 
| 169|0x000000070a900000, 0x000000070a900000, 0x000000070aa00000|  0%| F|  |TAMS 0x000000070a900000, 0x000000070a900000| Untracked 
| 170|0x000000070aa00000, 0x000000070aa00000, 0x000000070ab00000|  0%| F|  |TAMS 0x000000070aa00000, 0x000000070aa00000| Untracked 
| 171|0x000000070ab00000, 0x000000070ab00000, 0x000000070ac00000|  0%| F|  |TAMS 0x000000070ab00000, 0x000000070ab00000| Untracked 
| 172|0x000000070ac00000, 0x000000070ac00000, 0x000000070ad00000|  0%| F|  |TAMS 0x000000070ac00000, 0x000000070ac00000| Untracked 
| 173|0x000000070ad00000, 0x000000070ad00000, 0x000000070ae00000|  0%| F|  |TAMS 0x000000070ad00000, 0x000000070ad00000| Untracked 
| 174|0x000000070ae00000, 0x000000070ae00000, 0x000000070af00000|  0%| F|  |TAMS 0x000000070ae00000, 0x000000070ae00000| Untracked 
| 175|0x000000070af00000, 0x000000070af00000, 0x000000070b000000|  0%| F|  |TAMS 0x000000070af00000, 0x000000070af00000| Untracked 
| 176|0x000000070b000000, 0x000000070b000000, 0x000000070b100000|  0%| F|  |TAMS 0x000000070b000000, 0x000000070b000000| Untracked 
| 177|0x000000070b100000, 0x000000070b100000, 0x000000070b200000|  0%| F|  |TAMS 0x000000070b100000, 0x000000070b100000| Untracked 
| 178|0x000000070b200000, 0x000000070b200000, 0x000000070b300000|  0%| F|  |TAMS 0x000000070b200000, 0x000000070b200000| Untracked 
| 179|0x000000070b300000, 0x000000070b300000, 0x000000070b400000|  0%| F|  |TAMS 0x000000070b300000, 0x000000070b300000| Untracked 
| 180|0x000000070b400000, 0x000000070b400000, 0x000000070b500000|  0%| F|  |TAMS 0x000000070b400000, 0x000000070b400000| Untracked 
| 181|0x000000070b500000, 0x000000070b500000, 0x000000070b600000|  0%| F|  |TAMS 0x000000070b500000, 0x000000070b500000| Untracked 
| 182|0x000000070b600000, 0x000000070b600000, 0x000000070b700000|  0%| F|  |TAMS 0x000000070b600000, 0x000000070b600000| Untracked 
| 183|0x000000070b700000, 0x000000070b700000, 0x000000070b800000|  0%| F|  |TAMS 0x000000070b700000, 0x000000070b700000| Untracked 
| 184|0x000000070b800000, 0x000000070b800000, 0x000000070b900000|  0%| F|  |TAMS 0x000000070b800000, 0x000000070b800000| Untracked 
| 185|0x000000070b900000, 0x000000070b900000, 0x000000070ba00000|  0%| F|  |TAMS 0x000000070b900000, 0x000000070b900000| Untracked 
| 186|0x000000070ba00000, 0x000000070ba00000, 0x000000070bb00000|  0%| F|  |TAMS 0x000000070ba00000, 0x000000070ba00000| Untracked 
| 187|0x000000070bb00000, 0x000000070bb00000, 0x000000070bc00000|  0%| F|  |TAMS 0x000000070bb00000, 0x000000070bb00000| Untracked 
| 188|0x000000070bc00000, 0x000000070bc00000, 0x000000070bd00000|  0%| F|  |TAMS 0x000000070bc00000, 0x000000070bc00000| Untracked 
| 189|0x000000070bd00000, 0x000000070bd00000, 0x000000070be00000|  0%| F|  |TAMS 0x000000070bd00000, 0x000000070bd00000| Untracked 
| 190|0x000000070be00000, 0x000000070be00000, 0x000000070bf00000|  0%| F|  |TAMS 0x000000070be00000, 0x000000070be00000| Untracked 
| 191|0x000000070bf00000, 0x000000070bf00000, 0x000000070c000000|  0%| F|  |TAMS 0x000000070bf00000, 0x000000070bf00000| Untracked 
| 192|0x000000070c000000, 0x000000070c000000, 0x000000070c100000|  0%| F|  |TAMS 0x000000070c000000, 0x000000070c000000| Untracked 
| 193|0x000000070c100000, 0x000000070c100000, 0x000000070c200000|  0%| F|  |TAMS 0x000000070c100000, 0x000000070c100000| Untracked 
| 194|0x000000070c200000, 0x000000070c200000, 0x000000070c300000|  0%| F|  |TAMS 0x000000070c200000, 0x000000070c200000| Untracked 
| 195|0x000000070c300000, 0x000000070c300000, 0x000000070c400000|  0%| F|  |TAMS 0x000000070c300000, 0x000000070c300000| Untracked 
| 196|0x000000070c400000, 0x000000070c400000, 0x000000070c500000|  0%| F|  |TAMS 0x000000070c400000, 0x000000070c400000| Untracked 
| 197|0x000000070c500000, 0x000000070c500000, 0x000000070c600000|  0%| F|  |TAMS 0x000000070c500000, 0x000000070c500000| Untracked 
| 198|0x000000070c600000, 0x000000070c600000, 0x000000070c700000|  0%| F|  |TAMS 0x000000070c600000, 0x000000070c600000| Untracked 
| 199|0x000000070c700000, 0x000000070c700000, 0x000000070c800000|  0%| F|  |TAMS 0x000000070c700000, 0x000000070c700000| Untracked 
| 200|0x000000070c800000, 0x000000070c800000, 0x000000070c900000|  0%| F|  |TAMS 0x000000070c800000, 0x000000070c800000| Untracked 
| 201|0x000000070c900000, 0x000000070c900000, 0x000000070ca00000|  0%| F|  |TAMS 0x000000070c900000, 0x000000070c900000| Untracked 
| 202|0x000000070ca00000, 0x000000070ca00000, 0x000000070cb00000|  0%| F|  |TAMS 0x000000070ca00000, 0x000000070ca00000| Untracked 
| 203|0x000000070cb00000, 0x000000070cb00000, 0x000000070cc00000|  0%| F|  |TAMS 0x000000070cb00000, 0x000000070cb00000| Untracked 
| 204|0x000000070cc00000, 0x000000070cc00000, 0x000000070cd00000|  0%| F|  |TAMS 0x000000070cc00000, 0x000000070cc00000| Untracked 
| 205|0x000000070cd00000, 0x000000070cd00000, 0x000000070ce00000|  0%| F|  |TAMS 0x000000070cd00000, 0x000000070cd00000| Untracked 
| 206|0x000000070ce00000, 0x000000070ce00000, 0x000000070cf00000|  0%| F|  |TAMS 0x000000070ce00000, 0x000000070ce00000| Untracked 
| 207|0x000000070cf00000, 0x000000070cf00000, 0x000000070d000000|  0%| F|  |TAMS 0x000000070cf00000, 0x000000070cf00000| Untracked 
| 208|0x000000070d000000, 0x000000070d000000, 0x000000070d100000|  0%| F|  |TAMS 0x000000070d000000, 0x000000070d000000| Untracked 
| 209|0x000000070d100000, 0x000000070d100000, 0x000000070d200000|  0%| F|  |TAMS 0x000000070d100000, 0x000000070d100000| Untracked 
| 210|0x000000070d200000, 0x000000070d200000, 0x000000070d300000|  0%| F|  |TAMS 0x000000070d200000, 0x000000070d200000| Untracked 
| 211|0x000000070d300000, 0x000000070d300000, 0x000000070d400000|  0%| F|  |TAMS 0x000000070d300000, 0x000000070d300000| Untracked 
| 212|0x000000070d400000, 0x000000070d400000, 0x000000070d500000|  0%| F|  |TAMS 0x000000070d400000, 0x000000070d400000| Untracked 
| 213|0x000000070d500000, 0x000000070d500000, 0x000000070d600000|  0%| F|  |TAMS 0x000000070d500000, 0x000000070d500000| Untracked 
| 214|0x000000070d600000, 0x000000070d600000, 0x000000070d700000|  0%| F|  |TAMS 0x000000070d600000, 0x000000070d600000| Untracked 
| 215|0x000000070d700000, 0x000000070d700000, 0x000000070d800000|  0%| F|  |TAMS 0x000000070d700000, 0x000000070d700000| Untracked 
| 216|0x000000070d800000, 0x000000070d800000, 0x000000070d900000|  0%| F|  |TAMS 0x000000070d800000, 0x000000070d800000| Untracked 
| 217|0x000000070d900000, 0x000000070d900000, 0x000000070da00000|  0%| F|  |TAMS 0x000000070d900000, 0x000000070d900000| Untracked 
| 218|0x000000070da00000, 0x000000070da00000, 0x000000070db00000|  0%| F|  |TAMS 0x000000070da00000, 0x000000070da00000| Untracked 
| 219|0x000000070db00000, 0x000000070db00000, 0x000000070dc00000|  0%| F|  |TAMS 0x000000070db00000, 0x000000070db00000| Untracked 
| 220|0x000000070dc00000, 0x000000070dc00000, 0x000000070dd00000|  0%| F|  |TAMS 0x000000070dc00000, 0x000000070dc00000| Untracked 
| 221|0x000000070dd00000, 0x000000070dd00000, 0x000000070de00000|  0%| F|  |TAMS 0x000000070dd00000, 0x000000070dd00000| Untracked 
| 222|0x000000070de00000, 0x000000070de00000, 0x000000070df00000|  0%| F|  |TAMS 0x000000070de00000, 0x000000070de00000| Untracked 
| 223|0x000000070df00000, 0x000000070df00000, 0x000000070e000000|  0%| F|  |TAMS 0x000000070df00000, 0x000000070df00000| Untracked 
| 224|0x000000070e000000, 0x000000070e000000, 0x000000070e100000|  0%| F|  |TAMS 0x000000070e000000, 0x000000070e000000| Untracked 
| 225|0x000000070e100000, 0x000000070e100000, 0x000000070e200000|  0%| F|  |TAMS 0x000000070e100000, 0x000000070e100000| Untracked 
| 226|0x000000070e200000, 0x000000070e200000, 0x000000070e300000|  0%| F|  |TAMS 0x000000070e200000, 0x000000070e200000| Untracked 
| 227|0x000000070e300000, 0x000000070e300000, 0x000000070e400000|  0%| F|  |TAMS 0x000000070e300000, 0x000000070e300000| Untracked 
| 228|0x000000070e400000, 0x000000070e400000, 0x000000070e500000|  0%| F|  |TAMS 0x000000070e400000, 0x000000070e400000| Untracked 
| 229|0x000000070e500000, 0x000000070e500000, 0x000000070e600000|  0%| F|  |TAMS 0x000000070e500000, 0x000000070e500000| Untracked 
| 230|0x000000070e600000, 0x000000070e600000, 0x000000070e700000|  0%| F|  |TAMS 0x000000070e600000, 0x000000070e600000| Untracked 
| 231|0x000000070e700000, 0x000000070e700000, 0x000000070e800000|  0%| F|  |TAMS 0x000000070e700000, 0x000000070e700000| Untracked 
| 232|0x000000070e800000, 0x000000070e800000, 0x000000070e900000|  0%| F|  |TAMS 0x000000070e800000, 0x000000070e800000| Untracked 
| 233|0x000000070e900000, 0x000000070e900000, 0x000000070ea00000|  0%| F|  |TAMS 0x000000070e900000, 0x000000070e900000| Untracked 
| 234|0x000000070ea00000, 0x000000070ea00000, 0x000000070eb00000|  0%| F|  |TAMS 0x000000070ea00000, 0x000000070ea00000| Untracked 
| 235|0x000000070eb00000, 0x000000070eb00000, 0x000000070ec00000|  0%| F|  |TAMS 0x000000070eb00000, 0x000000070eb00000| Untracked 
| 236|0x000000070ec00000, 0x000000070ec00000, 0x000000070ed00000|  0%| F|  |TAMS 0x000000070ec00000, 0x000000070ec00000| Untracked 
| 237|0x000000070ed00000, 0x000000070ed00000, 0x000000070ee00000|  0%| F|  |TAMS 0x000000070ed00000, 0x000000070ed00000| Untracked 
| 238|0x000000070ee00000, 0x000000070ee00000, 0x000000070ef00000|  0%| F|  |TAMS 0x000000070ee00000, 0x000000070ee00000| Untracked 
| 239|0x000000070ef00000, 0x000000070ef00000, 0x000000070f000000|  0%| F|  |TAMS 0x000000070ef00000, 0x000000070ef00000| Untracked 
| 240|0x000000070f000000, 0x000000070f000000, 0x000000070f100000|  0%| F|  |TAMS 0x000000070f000000, 0x000000070f000000| Untracked 
| 241|0x000000070f100000, 0x000000070f100000, 0x000000070f200000|  0%| F|  |TAMS 0x000000070f100000, 0x000000070f100000| Untracked 
| 242|0x000000070f200000, 0x000000070f200000, 0x000000070f300000|  0%| F|  |TAMS 0x000000070f200000, 0x000000070f200000| Untracked 
| 243|0x000000070f300000, 0x000000070f300000, 0x000000070f400000|  0%| F|  |TAMS 0x000000070f300000, 0x000000070f300000| Untracked 
| 244|0x000000070f400000, 0x000000070f400000, 0x000000070f500000|  0%| F|  |TAMS 0x000000070f400000, 0x000000070f400000| Untracked 
| 245|0x000000070f500000, 0x000000070f500000, 0x000000070f600000|  0%| F|  |TAMS 0x000000070f500000, 0x000000070f500000| Untracked 
| 246|0x000000070f600000, 0x000000070f600000, 0x000000070f700000|  0%| F|  |TAMS 0x000000070f600000, 0x000000070f600000| Untracked 
| 247|0x000000070f700000, 0x000000070f700000, 0x000000070f800000|  0%| F|  |TAMS 0x000000070f700000, 0x000000070f700000| Untracked 
| 248|0x000000070f800000, 0x000000070f800000, 0x000000070f900000|  0%| F|  |TAMS 0x000000070f800000, 0x000000070f800000| Untracked 
| 249|0x000000070f900000, 0x000000070f900000, 0x000000070fa00000|  0%| F|  |TAMS 0x000000070f900000, 0x000000070f900000| Untracked 
| 250|0x000000070fa00000, 0x000000070fa00000, 0x000000070fb00000|  0%| F|  |TAMS 0x000000070fa00000, 0x000000070fa00000| Untracked 
| 251|0x000000070fb00000, 0x000000070fb00000, 0x000000070fc00000|  0%| F|  |TAMS 0x000000070fb00000, 0x000000070fb00000| Untracked 
| 252|0x000000070fc00000, 0x000000070fc00000, 0x000000070fd00000|  0%| F|  |TAMS 0x000000070fc00000, 0x000000070fc00000| Untracked 
| 253|0x000000070fd00000, 0x000000070fdf0388, 0x000000070fe00000| 93%| E|  |TAMS 0x000000070fd00000, 0x000000070fd00000| Complete 
| 254|0x000000070fe00000, 0x000000070ff00000, 0x000000070ff00000|100%| E|CS|TAMS 0x000000070fe00000, 0x000000070fe00000| Complete 
| 255|0x000000070ff00000, 0x0000000710000000, 0x0000000710000000|100%| E|CS|TAMS 0x000000070ff00000, 0x000000070ff00000| Complete 

Card table byte_map: [0x00000001195e1000,0x0000000119de1000] _byte_map_base: 0x0000000115de1000

Marking Bits (Prev, Next): (CMBitMap*) 0x00007fc7fa02d818, (CMBitMap*) 0x00007fc7fa02d850
 Prev Bits: [0x000000012c399000, 0x0000000130399000)
 Next Bits: [0x0000000130399000, 0x0000000134399000)

Polling page: 0x000000010ebfc000

Metaspace:

Usage:
  Non-class:      4.79 MB capacity,     4.64 MB ( 97%) used,   144.39 KB (  3%) free+waste,     1.38 KB ( <1%) overhead. 
      Class:    500.00 KB capacity,   455.21 KB ( 91%) used,    43.91 KB (  9%) free+waste,   896 bytes ( <1%) overhead. 
       Both:      5.27 MB capacity,     5.09 MB ( 96%) used,   188.30 KB (  3%) free+waste,     2.25 KB ( <1%) overhead. 

Virtual space:
  Non-class space:        8.00 MB reserved,       5.00 MB ( 62%) committed 
      Class space:        1.00 GB reserved,     512.00 KB ( <1%) committed 
             Both:        1.01 GB reserved,       5.50 MB ( <1%) committed 

Chunk freelists:
   Non-Class:  6.50 KB
       Class:  1.50 KB
        Both:  8.00 KB

CodeHeap 'non-profiled nmethods': size=120032Kb used=36Kb max_used=36Kb free=119995Kb
 bounds [0x0000000124e61000, 0x00000001250d1000, 0x000000012c399000]
CodeHeap 'profiled nmethods': size=120032Kb used=243Kb max_used=243Kb free=119788Kb
 bounds [0x000000011d929000, 0x000000011db99000, 0x0000000124e61000]
CodeHeap 'non-nmethods': size=5696Kb used=1010Kb max_used=1022Kb free=4685Kb
 bounds [0x000000011d399000, 0x000000011d609000, 0x000000011d929000]
 total_blobs=476 nmethods=187 adapters=202
 compilation: enabled
              stopped_count=0, restarted_count=0
 full_count=0

Compilation events (10 events):
Event: 0.263 Thread 0x00007fc7f908d000  183       3       java.lang.Class::getName (18 bytes)
Event: 0.263 Thread 0x00007fc7f8839800  185       4       java.util.zip.ZipUtils::LG (22 bytes)
Event: 0.263 Thread 0x00007fc7f908d000 nmethod 183 0x000000011d963f10 code [0x000000011d9640c0, 0x000000011d964240]
Event: 0.263 Thread 0x00007fc7f908d000  184       3       java.io.UnixFileSystem::normalize (75 bytes)
Event: 0.265 Thread 0x00007fc7f908d000 nmethod 184 0x000000011d964310 code [0x000000011d964560, 0x000000011d964e90]
Event: 0.265 Thread 0x00007fc7f8839800 nmethod 185 0x0000000124e69e90 code [0x0000000124e6a020, 0x0000000124e6a0f8]
Event: 0.265 Thread 0x00007fc7f908d000  186       3       java.lang.AbstractStringBuilder::<init> (39 bytes)
Event: 0.265 Thread 0x00007fc7f908d000 nmethod 186 0x000000011d965290 code [0x000000011d965440, 0x000000011d9656d0]
Event: 0.265 Thread 0x00007fc7f908d000  187       3       java.lang.StringBuilder::toString (35 bytes)
Event: 0.266 Thread 0x00007fc7f908d000 nmethod 187 0x000000011d965790 code [0x000000011d965980, 0x000000011d965e10]

GC Heap History (0 events):
No events

Deoptimization events (1 events):
Event: 0.129 Thread 0x00007fc7f9008800 Uncommon trap: reason=unstable_if action=reinterpret pc=0x0000000124e64ba0 method=java.lang.String.hashCode()I @ 14 c2

Classes redefined (0 events):
No events

Internal exceptions (0 events):
No events

Events (10 events):
Event: 0.262 loading class javax/servlet/ServletResponse
Event: 0.262 loading class javax/servlet/ServletResponse done
Event: 0.263 loading class org/apache/catalina/Wrapper
Event: 0.263 loading class org/apache/catalina/Wrapper done
Event: 0.264 loading class java/lang/PublicMethods$Key
Event: 0.264 loading class java/lang/PublicMethods$Key done
Event: 0.264 loading class org/apache/catalina/startup/Tomcat
Event: 0.264 loading class org/apache/catalina/startup/Tomcat done
Event: 0.266 loading class java/lang/Class$EnclosingMethodInfo
Event: 0.266 loading class java/lang/Class$EnclosingMethodInfo done


Dynamic libraries:
0x00007fff43074000 	/System/Library/Frameworks/Cocoa.framework/Versions/A/Cocoa
0x00007fff4f6d7000 	/System/Library/Frameworks/Security.framework/Versions/A/Security
0x00007fff41cb2000 	/System/Library/Frameworks/ApplicationServices.framework/Versions/A/ApplicationServices
0x00007fff6b697000 	/usr/lib/libz.1.dylib
0x000000010ebc8000 	/Library/Java/JavaVirtualMachines/jdk-11.0.10.jdk/Contents/Home/lib/jli/libjli.dylib
0x00007fff69545000 	/usr/lib/libSystem.B.dylib
0x00007fff40e02000 	/System/Library/Frameworks/AppKit.framework/Versions/C/AppKit
0x00007fff433ec000 	/System/Library/Frameworks/CoreData.framework/Versions/A/CoreData
0x00007fff459b1000 	/System/Library/Frameworks/Foundation.framework/Versions/C/Foundation
0x00007fff62df8000 	/System/Library/PrivateFrameworks/RemoteViewServices.framework/Versions/A/RemoteViewServices
0x00007fff67576000 	/System/Library/PrivateFrameworks/UIFoundation.framework/Versions/A/UIFoundation
0x00007fff57bf0000 	/System/Library/PrivateFrameworks/DFRFoundation.framework/Versions/A/DFRFoundation
0x00007fff48036000 	/System/Library/Frameworks/Metal.framework/Versions/A/Metal
0x00007fff57d8d000 	/System/Library/PrivateFrameworks/DesktopServicesPriv.framework/Versions/A/DesktopServicesPriv
0x00007fff6a1cd000 	/usr/lib/libenergytrace.dylib
0x00007fff655e0000 	/System/Library/PrivateFrameworks/SkyLight.framework/Versions/A/SkyLight
0x00007fff43cd3000 	/System/Library/Frameworks/CoreGraphics.framework/Versions/A/CoreGraphics
0x00007fff69540000 	/usr/lib/libScreenReader.dylib
0x00007fff3fb14000 	/System/Library/Frameworks/Accelerate.framework/Versions/A/Accelerate
0x00007fff4612c000 	/System/Library/Frameworks/IOSurface.framework/Versions/A/IOSurface
0x00007fff421fd000 	/System/Library/Frameworks/AudioToolbox.framework/Versions/A/AudioToolbox
0x00007fff4248d000 	/System/Library/Frameworks/AudioUnit.framework/Versions/A/AudioUnit
0x00007fff57c88000 	/System/Library/PrivateFrameworks/DataDetectorsCore.framework/Versions/A/DataDetectorsCore
0x00007fff42b67000 	/System/Library/Frameworks/Carbon.framework/Versions/A/Frameworks/HIToolbox.framework/Versions/A/HIToolbox
0x00007fff6a327000 	/usr/lib/libicucore.A.dylib
0x00007fff4ec53000 	/System/Library/Frameworks/QuartzCore.framework/Versions/A/QuartzCore
0x00007fff64881000 	/System/Library/PrivateFrameworks/SignpostNotification.framework/Versions/A/SignpostNotification
0x00007fff42f4d000 	/System/Library/Frameworks/Carbon.framework/Versions/A/Frameworks/SpeechRecognition.framework/Versions/A/SpeechRecognition
0x00007fff69723000 	/usr/lib/libauto.dylib
0x00007fff6b586000 	/usr/lib/libxml2.2.dylib
0x00007fff57840000 	/System/Library/PrivateFrameworks/CoreUI.framework/Versions/A/CoreUI
0x00007fff432c8000 	/System/Library/Frameworks/CoreAudio.framework/Versions/A/CoreAudio
0x00007fff457eb000 	/System/Library/Frameworks/DiskArbitration.framework/Versions/A/DiskArbitration
0x00007fff6a59b000 	/usr/lib/liblangid.dylib
0x00007fff5f2fc000 	/System/Library/PrivateFrameworks/MultitouchSupport.framework/Versions/A/MultitouchSupport
0x00007fff4608f000 	/System/Library/Frameworks/IOKit.framework/Versions/A/IOKit
0x00007fff691cf000 	/usr/lib/libDiagnosticMessagesClient.dylib
0x00007fff449c8000 	/System/Library/Frameworks/CoreServices.framework/Versions/A/CoreServices
0x00007fff60e34000 	/System/Library/PrivateFrameworks/PerformanceAnalysis.framework/Versions/A/PerformanceAnalysis
0x00007fff4ddf0000 	/System/Library/Frameworks/OpenGL.framework/Versions/A/OpenGL
0x00007fff6ac80000 	/usr/lib/libobjc.A.dylib
0x00007fff43082000 	/System/Library/Frameworks/ColorSync.framework/Versions/A/ColorSync
0x00007fff43835000 	/System/Library/Frameworks/CoreFoundation.framework/Versions/A/CoreFoundation
0x00007fff44304000 	/System/Library/Frameworks/CoreImage.framework/Versions/A/CoreImage
0x00007fff45359000 	/System/Library/Frameworks/CoreText.framework/Versions/A/CoreText
0x00007fff4618a000 	/System/Library/Frameworks/ImageIO.framework/Versions/A/ImageIO
0x00007fff544ea000 	/System/Library/PrivateFrameworks/Backup.framework/Versions/A/Backup
0x00007fff695f1000 	/usr/lib/libarchive.2.dylib
0x00007fff427b0000 	/System/Library/Frameworks/CFNetwork.framework/Versions/A/CFNetwork
0x00007fff4fe6a000 	/System/Library/Frameworks/SystemConfiguration.framework/Versions/A/SystemConfiguration
0x00007fff690f8000 	/usr/lib/libCRFSuite.dylib
0x00007fff697fd000 	/usr/lib/libc++.1.dylib
0x00007fff69854000 	/usr/lib/libc++abi.dylib
0x00007fff6b745000 	/usr/lib/system/libcache.dylib
0x00007fff6b74a000 	/usr/lib/system/libcommonCrypto.dylib
0x00007fff6b755000 	/usr/lib/system/libcompiler_rt.dylib
0x00007fff6b75d000 	/usr/lib/system/libcopyfile.dylib
0x00007fff6b767000 	/usr/lib/system/libcorecrypto.dylib
0x00007fff6b874000 	/usr/lib/system/libdispatch.dylib
0x00007fff6b8ae000 	/usr/lib/system/libdyld.dylib
0x00007fff6b8cc000 	/usr/lib/system/libkeymgr.dylib
0x00007fff6b8da000 	/usr/lib/system/liblaunch.dylib
0x00007fff6b8db000 	/usr/lib/system/libmacho.dylib
0x00007fff6b8e0000 	/usr/lib/system/libquarantine.dylib
0x00007fff6b8e3000 	/usr/lib/system/libremovefile.dylib
0x00007fff6b8e5000 	/usr/lib/system/libsystem_asl.dylib
0x00007fff6b8fd000 	/usr/lib/system/libsystem_blocks.dylib
0x00007fff6b8fe000 	/usr/lib/system/libsystem_c.dylib
0x00007fff6b988000 	/usr/lib/system/libsystem_configuration.dylib
0x00007fff6b98c000 	/usr/lib/system/libsystem_coreservices.dylib
0x00007fff6b990000 	/usr/lib/system/libsystem_darwin.dylib
0x00007fff6b992000 	/usr/lib/system/libsystem_dnssd.dylib
0x00007fff6b999000 	/usr/lib/system/libsystem_info.dylib
0x00007fff6ba0a000 	/usr/lib/system/libsystem_m.dylib
0x00007fff6ba56000 	/usr/lib/system/libsystem_malloc.dylib
0x00007fff6ba76000 	/usr/lib/system/libsystem_network.dylib
0x00007fff6bba7000 	/usr/lib/system/libsystem_networkextension.dylib
0x00007fff6bbb2000 	/usr/lib/system/libsystem_notify.dylib
0x00007fff6bbd0000 	/usr/lib/system/libsystem_sandbox.dylib
0x00007fff6bbd4000 	/usr/lib/system/libsystem_secinit.dylib
0x00007fff6b9e3000 	/usr/lib/system/libsystem_kernel.dylib
0x00007fff6bbbc000 	/usr/lib/system/libsystem_platform.dylib
0x00007fff6bbc4000 	/usr/lib/system/libsystem_pthread.dylib
0x00007fff6bbd6000 	/usr/lib/system/libsystem_symptoms.dylib
0x00007fff6bbde000 	/usr/lib/system/libsystem_trace.dylib
0x00007fff6bbf4000 	/usr/lib/system/libunwind.dylib
0x00007fff6bbfa000 	/usr/lib/system/libxpc.dylib
0x00007fff6900b000 	/usr/lib/closure/libclosured.dylib
0x00007fff697de000 	/usr/lib/libbsm.0.dylib
0x00007fff6b8cd000 	/usr/lib/system/libkxld.dylib
0x00007fff69409000 	/usr/lib/libOpenScriptingUtil.dylib
0x00007fff69b4d000 	/usr/lib/libcoretls.dylib
0x00007fff69b66000 	/usr/lib/libcoretls_cfhelpers.dylib
0x00007fff6b084000 	/usr/lib/libpam.2.dylib
0x00007fff6b1af000 	/usr/lib/libsqlite3.dylib
0x00007fff6b575000 	/usr/lib/libxar.1.dylib
0x00007fff697ef000 	/usr/lib/libbz2.1.0.dylib
0x00007fff6a59d000 	/usr/lib/liblzma.5.dylib
0x00007fff6aa7e000 	/usr/lib/libnetwork.dylib
0x00007fff695da000 	/usr/lib/libapple_nghttp2.dylib
0x00007fff6b08b000 	/usr/lib/libpcap.A.dylib
0x00007fff69724000 	/usr/lib/libboringssl.dylib
0x00007fff6b510000 	/usr/lib/libusrtcp.dylib
0x00007fff695d9000 	/usr/lib/libapple_crypto.dylib
0x00007fff44d4b000 	/System/Library/Frameworks/CoreServices.framework/Versions/A/Frameworks/FSEvents.framework/Versions/A/FSEvents
0x00007fff44a3e000 	/System/Library/Frameworks/CoreServices.framework/Versions/A/Frameworks/CarbonCore.framework/Versions/A/CarbonCore
0x00007fff44f13000 	/System/Library/Frameworks/CoreServices.framework/Versions/A/Frameworks/Metadata.framework/Versions/A/Metadata
0x00007fff44fc4000 	/System/Library/Frameworks/CoreServices.framework/Versions/A/Frameworks/OSServices.framework/Versions/A/OSServices
0x00007fff45025000 	/System/Library/Frameworks/CoreServices.framework/Versions/A/Frameworks/SearchKit.framework/Versions/A/SearchKit
0x00007fff449c9000 	/System/Library/Frameworks/CoreServices.framework/Versions/A/Frameworks/AE.framework/Versions/A/AE
0x00007fff44d54000 	/System/Library/Frameworks/CoreServices.framework/Versions/A/Frameworks/LaunchServices.framework/Versions/A/LaunchServices
0x00007fff44d16000 	/System/Library/Frameworks/CoreServices.framework/Versions/A/Frameworks/DictionaryServices.framework/Versions/A/DictionaryServices
0x00007fff45094000 	/System/Library/Frameworks/CoreServices.framework/Versions/A/Frameworks/SharedFileList.framework/Versions/A/SharedFileList
0x00007fff4926c000 	/System/Library/Frameworks/NetFS.framework/Versions/A/NetFS
0x00007fff5f58d000 	/System/Library/PrivateFrameworks/NetAuth.framework/Versions/A/NetAuth
0x00007fff68ea2000 	/System/Library/PrivateFrameworks/login.framework/Versions/A/Frameworks/loginsupport.framework/Versions/A/loginsupport
0x00007fff671f3000 	/System/Library/PrivateFrameworks/TCC.framework/Versions/A/TCC
0x00007fff6a67e000 	/usr/lib/libmecabra.dylib
0x00007fff41cb3000 	/System/Library/Frameworks/ApplicationServices.framework/Versions/A/Frameworks/ATS.framework/Versions/A/ATS
0x00007fff42062000 	/System/Library/Frameworks/ApplicationServices.framework/Versions/A/Frameworks/ColorSyncLegacy.framework/Versions/A/ColorSyncLegacy
0x00007fff42106000 	/System/Library/Frameworks/ApplicationServices.framework/Versions/A/Frameworks/HIServices.framework/Versions/A/HIServices
0x00007fff42159000 	/System/Library/Frameworks/ApplicationServices.framework/Versions/A/Frameworks/LangAnalysis.framework/Versions/A/LangAnalysis
0x00007fff42168000 	/System/Library/Frameworks/ApplicationServices.framework/Versions/A/Frameworks/PrintCore.framework/Versions/A/PrintCore
0x00007fff421b5000 	/System/Library/Frameworks/ApplicationServices.framework/Versions/A/Frameworks/QD.framework/Versions/A/QD
0x00007fff421f0000 	/System/Library/Frameworks/ApplicationServices.framework/Versions/A/Frameworks/SpeechSynthesis.framework/Versions/A/SpeechSynthesis
0x00007fff43751000 	/System/Library/Frameworks/CoreDisplay.framework/Versions/A/CoreDisplay
0x00007fff3fb2d000 	/System/Library/Frameworks/Accelerate.framework/Versions/A/Frameworks/vImage.framework/Versions/A/vImage
0x00007fff40b0e000 	/System/Library/Frameworks/Accelerate.framework/Versions/A/Frameworks/vecLib.framework/Versions/A/vecLib
0x00007fff408e3000 	/System/Library/Frameworks/Accelerate.framework/Versions/A/Frameworks/vecLib.framework/Versions/A/libvDSP.dylib
0x00007fff4041d000 	/System/Library/Frameworks/Accelerate.framework/Versions/A/Frameworks/vecLib.framework/Versions/A/libBNNS.dylib
0x00007fff40849000 	/System/Library/Frameworks/Accelerate.framework/Versions/A/Frameworks/vecLib.framework/Versions/A/libQuadrature.dylib
0x00007fff40a57000 	/System/Library/Frameworks/Accelerate.framework/Versions/A/Frameworks/vecLib.framework/Versions/A/libvMisc.dylib
0x00007fff40458000 	/System/Library/Frameworks/Accelerate.framework/Versions/A/Frameworks/vecLib.framework/Versions/A/libLAPACK.dylib
0x00007fff4027c000 	/System/Library/Frameworks/Accelerate.framework/Versions/A/Frameworks/vecLib.framework/Versions/A/libBLAS.dylib
0x00007fff40832000 	/System/Library/Frameworks/Accelerate.framework/Versions/A/Frameworks/vecLib.framework/Versions/A/libLinearAlgebra.dylib
0x00007fff4084f000 	/System/Library/Frameworks/Accelerate.framework/Versions/A/Frameworks/vecLib.framework/Versions/A/libSparse.dylib
0x00007fff408d0000 	/System/Library/Frameworks/Accelerate.framework/Versions/A/Frameworks/vecLib.framework/Versions/A/libSparseBLAS.dylib
0x00007fff5c3c7000 	/System/Library/PrivateFrameworks/GPUWrangler.framework/Versions/A/GPUWrangler
0x00007fff5db5b000 	/System/Library/PrivateFrameworks/IOAccelerator.framework/Versions/A/IOAccelerator
0x00007fff5db66000 	/System/Library/PrivateFrameworks/IOPresentment.framework/Versions/A/IOPresentment
0x00007fff57c02000 	/System/Library/PrivateFrameworks/DSExternalDisplay.framework/Versions/A/DSExternalDisplay
0x00007fff4d26f000 	/System/Library/Frameworks/OpenGL.framework/Versions/A/Libraries/libCoreFSCache.dylib
0x00007fff454aa000 	/System/Library/Frameworks/CoreVideo.framework/Versions/A/CoreVideo
0x00007fff5d142000 	/System/Library/PrivateFrameworks/GraphVisualizer.framework/Versions/A/GraphVisualizer
0x00007fff4826d000 	/System/Library/Frameworks/MetalPerformanceShaders.framework/Versions/A/MetalPerformanceShaders
0x00007fff69207000 	/usr/lib/libFosl_dynamic.dylib
0x00007fff58cd1000 	/System/Library/PrivateFrameworks/FaceCore.framework/Versions/A/FaceCore
0x00007fff4c06a000 	/System/Library/Frameworks/OpenCL.framework/Versions/A/OpenCL
0x00007fff6988b000 	/usr/lib/libcompression.dylib
0x00007fff41db2000 	/System/Library/Frameworks/ApplicationServices.framework/Versions/A/Frameworks/ATS.framework/Versions/A/Resources/libFontParser.dylib
0x00007fff41ed5000 	/System/Library/Frameworks/ApplicationServices.framework/Versions/A/Frameworks/ATS.framework/Versions/A/Resources/libFontRegistry.dylib
0x00007fff463f6000 	/System/Library/Frameworks/ImageIO.framework/Versions/A/Resources/libJPEG.dylib
0x00007fff46734000 	/System/Library/Frameworks/ImageIO.framework/Versions/A/Resources/libTIFF.dylib
0x00007fff4670a000 	/System/Library/Frameworks/ImageIO.framework/Versions/A/Resources/libPng.dylib
0x00007fff46309000 	/System/Library/Frameworks/ImageIO.framework/Versions/A/Resources/libGIF.dylib
0x00007fff4630e000 	/System/Library/Frameworks/ImageIO.framework/Versions/A/Resources/libJP2.dylib
0x00007fff46731000 	/System/Library/Frameworks/ImageIO.framework/Versions/A/Resources/libRadiance.dylib
0x00007fff53c14000 	/System/Library/PrivateFrameworks/AppleJPEG.framework/Versions/A/AppleJPEG
0x00007fff480d4000 	/System/Library/Frameworks/MetalPerformanceShaders.framework/Frameworks/MPSCore.framework/Versions/A/MPSCore
0x00007fff480f0000 	/System/Library/Frameworks/MetalPerformanceShaders.framework/Frameworks/MPSImage.framework/Versions/A/MPSImage
0x00007fff48185000 	/System/Library/Frameworks/MetalPerformanceShaders.framework/Frameworks/MPSNeuralNetwork.framework/Versions/A/MPSNeuralNetwork
0x00007fff48160000 	/System/Library/Frameworks/MetalPerformanceShaders.framework/Frameworks/MPSMatrix.framework/Versions/A/MPSMatrix
0x00007fff5f05e000 	/System/Library/PrivateFrameworks/MetalTools.framework/Versions/A/MetalTools
0x00007fff4d43a000 	/System/Library/Frameworks/OpenGL.framework/Versions/A/Libraries/libGLU.dylib
0x00007fff4d27a000 	/System/Library/Frameworks/OpenGL.framework/Versions/A/Libraries/libGFXShared.dylib
0x00007fff4d284000 	/System/Library/Frameworks/OpenGL.framework/Versions/A/Libraries/libGL.dylib
0x00007fff4d290000 	/System/Library/Frameworks/OpenGL.framework/Versions/A/Libraries/libGLImage.dylib
0x00007fff4d26c000 	/System/Library/Frameworks/OpenGL.framework/Versions/A/Libraries/libCVMSPluginSupport.dylib
0x00007fff4d275000 	/System/Library/Frameworks/OpenGL.framework/Versions/A/Libraries/libCoreVMClient.dylib
0x00007fff6a038000 	/usr/lib/libcups.2.dylib
0x00007fff4763b000 	/System/Library/Frameworks/Kerberos.framework/Versions/A/Kerberos
0x00007fff45de9000 	/System/Library/Frameworks/GSS.framework/Versions/A/GSS
0x00007fff6b142000 	/usr/lib/libresolv.9.dylib
0x00007fff6a235000 	/usr/lib/libiconv.2.dylib
0x00007fff5d1d4000 	/System/Library/PrivateFrameworks/Heimdal.framework/Versions/A/Heimdal
0x00007fff6a204000 	/usr/lib/libheimdal-asn1.dylib
0x00007fff4c0e2000 	/System/Library/Frameworks/OpenDirectory.framework/Versions/A/OpenDirectory
0x00007fff55f2d000 	/System/Library/PrivateFrameworks/CommonAuth.framework/Versions/A/CommonAuth
0x00007fff4c0c5000 	/System/Library/Frameworks/OpenDirectory.framework/Versions/A/Frameworks/CFOpenDirectory.framework/Versions/A/CFOpenDirectory
0x00007fff4fa03000 	/System/Library/Frameworks/SecurityFoundation.framework/Versions/A/SecurityFoundation
0x00007fff52dd7000 	/System/Library/PrivateFrameworks/APFS.framework/Versions/A/APFS
0x00007fff6b571000 	/usr/lib/libutil.dylib
0x00007fff53c97000 	/System/Library/PrivateFrameworks/AppleSauce.framework/Versions/A/AppleSauce
0x00007fff5e343000 	/System/Library/PrivateFrameworks/LinguisticData.framework/Versions/A/LinguisticData
0x00007fff6a5b7000 	/usr/lib/libmarisa.dylib
0x00007fff5e2fd000 	/System/Library/PrivateFrameworks/Lexicon.framework/Versions/A/Lexicon
0x00007fff69132000 	/usr/lib/libChineseTokenizer.dylib
0x00007fff6987a000 	/usr/lib/libcmph.dylib
0x00007fff5e207000 	/System/Library/PrivateFrameworks/LanguageModeling.framework/Versions/A/LanguageModeling
0x00007fff56a4a000 	/System/Library/PrivateFrameworks/CoreEmoji.framework/Versions/A/CoreEmoji
0x00007fff4fac1000 	/System/Library/Frameworks/ServiceManagement.framework/Versions/A/ServiceManagement
0x00007fff544e2000 	/System/Library/PrivateFrameworks/BackgroundTaskManagement.framework/Versions/A/BackgroundTaskManagement
0x00007fff6b66e000 	/usr/lib/libxslt.1.dylib
0x00007fff42e77000 	/System/Library/Frameworks/Carbon.framework/Versions/A/Frameworks/Ink.framework/Versions/A/Ink
0x00007fff67408000 	/System/Library/PrivateFrameworks/TextureIO.framework/Versions/A/TextureIO
0x00007fff6961c000 	/usr/lib/libate.dylib
0x00007fff57b61000 	/System/Library/PrivateFrameworks/CrashReporterSupport.framework/Versions/A/CrashReporterSupport
0x00007fff64741000 	/System/Library/PrivateFrameworks/Sharing.framework/Versions/A/Sharing
0x00007fff5df48000 	/System/Library/PrivateFrameworks/IconServices.framework/Versions/A/IconServices
0x00007fff54112000 	/System/Library/PrivateFrameworks/AuthKit.framework/Versions/A/AuthKit
0x00007fff53a97000 	/System/Library/PrivateFrameworks/Apple80211.framework/Versions/A/Apple80211
0x00007fff57976000 	/System/Library/PrivateFrameworks/CoreUtils.framework/Versions/A/CoreUtils
0x00007fff454e5000 	/System/Library/Frameworks/CoreWLAN.framework/Versions/A/CoreWLAN
0x00007fff45f2b000 	/System/Library/Frameworks/IOBluetooth.framework/Versions/A/IOBluetooth
0x00007fff62c03000 	/System/Library/PrivateFrameworks/ProtocolBuffer.framework/Versions/A/ProtocolBuffer
0x00007fff5f257000 	/System/Library/PrivateFrameworks/MobileKeyBag.framework/Versions/A/MobileKeyBag
0x00007fff571ee000 	/System/Library/PrivateFrameworks/CorePhoneNumbers.framework/Versions/A/CorePhoneNumbers
0x00007fff53bcf000 	/System/Library/PrivateFrameworks/AppleIDAuthSupport.framework/Versions/A/AppleIDAuthSupport
0x00007fff5e1f3000 	/System/Library/PrivateFrameworks/KeychainCircle.framework/Versions/A/KeychainCircle
0x00007fff57afc000 	/System/Library/PrivateFrameworks/CoreWiFi.framework/Versions/A/CoreWiFi
0x00007fff433c2000 	/System/Library/Frameworks/CoreBluetooth.framework/Versions/A/CoreBluetooth
0x00007fff57d4c000 	/System/Library/PrivateFrameworks/DebugSymbols.framework/Versions/A/DebugSymbols
0x00007fff5772c000 	/System/Library/PrivateFrameworks/CoreSymbolication.framework/Versions/A/CoreSymbolication
0x00007fff66bf9000 	/System/Library/PrivateFrameworks/Symbolication.framework/Versions/A/Symbolication
0x00007fff53ac1000 	/System/Library/PrivateFrameworks/AppleFSCompression.framework/Versions/A/AppleFSCompression
0x00007fff66046000 	/System/Library/PrivateFrameworks/SpeechRecognitionCore.framework/Versions/A/SpeechRecognitionCore
0x00007fff3baed000 	/System/Library/CoreServices/Encodings/libKoreanConverter.dylib
0x000000010f400000 	/Library/Java/JavaVirtualMachines/jdk-11.0.10.jdk/Contents/Home/lib/server/libjvm.dylib
0x00000001102d9000 	/Library/Java/JavaVirtualMachines/jdk-11.0.10.jdk/Contents/Home/lib/libverify.dylib
0x00000001102e9000 	/Library/Java/JavaVirtualMachines/jdk-11.0.10.jdk/Contents/Home/lib/libjava.dylib
0x0000000110315000 	/Library/Java/JavaVirtualMachines/jdk-11.0.10.jdk/Contents/Home/lib/libjimage.dylib
0x0000000110369000 	/Library/Java/JavaVirtualMachines/jdk-11.0.10.jdk/Contents/Home/lib/libzip.dylib
0x000000011d2da000 	/Library/Java/JavaVirtualMachines/jdk-11.0.10.jdk/Contents/Home/lib/libnio.dylib
0x0000000134474000 	/Library/Java/JavaVirtualMachines/jdk-11.0.10.jdk/Contents/Home/lib/./libnet.dylib


VM Arguments:
jvm_args: -Dfile.encoding=UTF-8 
java_command: org.apache.catalina.startup.Tomcat$1
java_class_path (initial): /Users/mac/Downloads/JSP_WebProject-master 2/MentoringProject/build/classes:/usr/local/Tomcat/lib/annotations-api.jar:/usr/local/Tomcat/lib/catalina-ant.jar:/usr/local/Tomcat/lib/catalina-ha.jar:/usr/local/Tomcat/lib/catalina-storeconfig.jar:/usr/local/Tomcat/lib/catalina-tribes.jar:/usr/local/Tomcat/lib/catalina.jar:/usr/local/Tomcat/lib/cos.jar:/usr/local/Tomcat/lib/ecj-4.6.3.jar:/usr/local/Tomcat/lib/el-api.jar:/usr/local/Tomcat/lib/jasper-el.jar:/usr/local/Tomcat/lib/jasper.jar:/usr/local/Tomcat/lib/jaspic-api.jar:/usr/local/Tomcat/lib/jsp-api.jar:/usr/local/Tomcat/lib/mysql-connector-java-8.0.23.jar:/usr/local/Tomcat/lib/servlet-api.jar:/usr/local/Tomcat/lib/taglibs-standard-impl-1.2.5.jar:/usr/local/Tomcat/lib/taglibs-standard-spec-1.2.5.jar:/usr/local/Tomcat/lib/tomcat-api.jar:/usr/local/Tomcat/lib/tomcat-coyote.jar:/usr/local/Tomcat/lib/tomcat-dbcp.jar:/usr/local/Tomcat/lib/tomcat-i18n-de.jar:/usr/local/Tomcat/lib/tomcat-i18n-es.jar:/usr/local/Tomcat/lib/tomcat-i18n-fr.jar:/usr/local/Tomcat/lib/tomcat-i18n-ja.jar:/usr/local/Tomcat/lib/tomcat-i18n-ko.jar:/usr/local/Tomcat/lib/tomcat-i18n-ru.jar:/usr/local/Tomcat/lib/tomcat-i18n-zh-CN.jar:/usr/local/Tomcat/lib/tomcat-jdbc.jar:/usr/local/Tomcat/lib/tomcat-jni.jar:/usr/local/Tomcat/lib/tomcat-util-scan.jar:/usr/local/Tomcat/lib/tomcat-util.jar:/usr/local/Tomcat/lib/tomcat-websocket.jar:/usr/local/Tomcat/lib/websocket-api.jar
Launcher Type: SUN_STANDARD

[Global flags]
     intx CICompilerCount                          = 3                                         {product} {ergonomic}
     uint ConcGCThreads                            = 1                                         {product} {ergonomic}
     uint G1ConcRefinementThreads                  = 4                                         {product} {ergonomic}
   size_t G1HeapRegionSize                         = 1048576                                   {product} {ergonomic}
    uintx GCDrainStackTargetSize                   = 64                                        {product} {ergonomic}
   size_t InitialHeapSize                          = 268435456                                 {product} {ergonomic}
   size_t MarkStackSize                            = 4194304                                   {product} {ergonomic}
   size_t MaxHeapSize                              = 4294967296                                {product} {ergonomic}
   size_t MaxNewSize                               = 2576351232                                {product} {ergonomic}
   size_t MinHeapDeltaBytes                        = 1048576                                   {product} {ergonomic}
    uintx NonNMethodCodeHeapSize                   = 5830732                                {pd product} {ergonomic}
    uintx NonProfiledCodeHeapSize                  = 122913754                              {pd product} {ergonomic}
    uintx ProfiledCodeHeapSize                     = 122913754                              {pd product} {ergonomic}
    uintx ReservedCodeCacheSize                    = 251658240                              {pd product} {ergonomic}
     bool SegmentedCodeCache                       = true                                      {product} {ergonomic}
     bool UseCompressedClassPointers               = true                                 {lp64_product} {ergonomic}
     bool UseCompressedOops                        = true                                 {lp64_product} {ergonomic}
     bool UseG1GC                                  = true                                      {product} {ergonomic}

Logging:
Log output configuration:
 #0: stdout all=warning uptime,level,tags
 #1: stderr all=off uptime,level,tags

Environment Variables:
PATH=/usr/bin:/bin:/usr/sbin:/sbin
SHELL=/bin/bash

Signal Handlers:
SIGSEGV: [libjvm.dylib+0x7976a8], sa_mask[0]=11111111011111110111111111111111, sa_flags=SA_ONSTACK|SA_RESTART|SA_SIGINFO
SIGBUS: [libjvm.dylib+0x7976a8], sa_mask[0]=11111111011111110111111111111111, sa_flags=SA_RESTART|SA_SIGINFO
SIGFPE: [libjvm.dylib+0x7976a8], sa_mask[0]=11111111011111110111111111111111, sa_flags=SA_RESTART|SA_SIGINFO
SIGPIPE: [libjvm.dylib+0x647bd7], sa_mask[0]=11111111011111110111111111111111, sa_flags=SA_RESTART|SA_SIGINFO
SIGXFSZ: [libjvm.dylib+0x647bd7], sa_mask[0]=11111111011111110111111111111111, sa_flags=SA_RESTART|SA_SIGINFO
SIGILL: [libjvm.dylib+0x7976a8], sa_mask[0]=11111111011111110111111111111111, sa_flags=SA_RESTART|SA_SIGINFO
SIGUSR2: [libjvm.dylib+0x6481c1], sa_mask[0]=00100000000000000000000000000000, sa_flags=SA_RESTART|SA_SIGINFO
SIGHUP: [libjvm.dylib+0x646c1f], sa_mask[0]=11111111011111110111111111111111, sa_flags=SA_RESTART|SA_SIGINFO
SIGINT: [libjvm.dylib+0x646c1f], sa_mask[0]=11111111011111110111111111111111, sa_flags=SA_RESTART|SA_SIGINFO
SIGTERM: [libjvm.dylib+0x646c1f], sa_mask[0]=11111111011111110111111111111111, sa_flags=SA_RESTART|SA_SIGINFO
SIGQUIT: [libjvm.dylib+0x646c1f], sa_mask[0]=11111111011111110111111111111111, sa_flags=SA_RESTART|SA_SIGINFO


---------------  S Y S T E M  ---------------

OS:uname:Darwin 17.7.0 Darwin Kernel Version 17.7.0: Fri Oct 30 13:34:27 PDT 2020; root:xnu-4570.71.82.8~1/RELEASE_X86_64 x86_64
rlimit: STACK 8192k, CORE 0k, NPROC 1418, NOFILE 10240, AS infinity, DATA infinity, FSIZE infinity
load average:2.38 2.27 2.24

CPU:total 4 (initial active 4) (2 cores per cpu, 2 threads per core) family 6 model 42 stepping 7 microcode 0x2f, cmov, cx8, fxsr, mmx, sse, sse2, sse3, ssse3, sse4.1, sse4.2, popcnt, avx, aes, clmul, ht, tsc, tscinvbit

Memory: 4k page, physical 16777216k(1352404k free)

vm_info: Java HotSpot(TM) 64-Bit Server VM (11.0.10+8-LTS-162) for bsd-amd64 JRE (11.0.10+8-LTS-162), built on Dec  8 2020 16:31:04 by "mach5one" with gcc 4.2.1 Compatible Apple LLVM 10.0.0 (clang-1000.11.45.5)

END.
